0 info it worked if it ends with ok
1 verbose cli [ 'C:\\Program Files\\nodejs\\node.exe',
1 verbose cli   'C:\\Program Files\\nodejs\\node_modules\\npm\\bin\\npm-cli.js',
1 verbose cli   'publish' ]
2 info using npm@2.15.5
3 info using node@v4.4.5
4 verbose publish [ '.' ]
5 silly cache add args [ '.', null ]
6 verbose cache add spec .
7 silly cache add parsed spec Result {
7 silly cache add   raw: '.',
7 silly cache add   scope: null,
7 silly cache add   name: null,
7 silly cache add   rawSpec: '.',
7 silly cache add   spec: 'C:\\Rosalyn\\ProSeed\\node.js\\Internest-backend',
7 silly cache add   type: 'directory' }
8 verbose addLocalDirectory C:\Users\Rosalyn\AppData\Roaming\npm-cache\hello\1.0.0\package.tgz not in flight; packing
9 verbose correctMkdir C:\Users\Rosalyn\AppData\Roaming\npm-cache correctMkdir not in flight; initializing
10 verbose tar pack [ 'C:\\Users\\Rosalyn\\AppData\\Roaming\\npm-cache\\hello\\1.0.0\\package.tgz',
10 verbose tar pack   'C:\\Rosalyn\\ProSeed\\node.js\\Internest-backend' ]
11 verbose tarball C:\Users\Rosalyn\AppData\Roaming\npm-cache\hello\1.0.0\package.tgz
12 verbose folder C:\Rosalyn\ProSeed\node.js\Internest-backend
13 info prepublish hello@1.0.0
14 verbose addLocalTarball adding from inside cache C:\Users\Rosalyn\AppData\Roaming\npm-cache\hello\1.0.0\package.tgz
15 verbose correctMkdir C:\Users\Rosalyn\AppData\Roaming\npm-cache correctMkdir not in flight; initializing
16 silly cache afterAdd hello@1.0.0
17 verbose afterAdd C:\Users\Rosalyn\AppData\Roaming\npm-cache\hello\1.0.0\package\package.json not in flight; writing
18 verbose correctMkdir C:\Users\Rosalyn\AppData\Roaming\npm-cache correctMkdir not in flight; initializing
19 verbose afterAdd C:\Users\Rosalyn\AppData\Roaming\npm-cache\hello\1.0.0\package\package.json written
20 silly publish { name: 'hello',
20 silly publish   version: '1.0.0',
20 silly publish   description: 'My first json file',
20 silly publish   main: 'server.js',
20 silly publish   dependencies: { express: '^4.15.3' },
20 silly publish   devDependencies: {},
20 silly publish   scripts: { test: 'console.log("Hello world");', start: 'node server.js' },
20 silly publish   repository:
20 silly publish    { type: 'git',
20 silly publish      url: 'git+https://github.com/wongr010/Internest-backend.git' },
20 silly publish   keywords: [ 'hello', 'json', 'node' ],
20 silly publish   author: { name: 'Rosalyn Wong' },
20 silly publish   license: 'ISC',
20 silly publish   bugs: { url: 'https://github.com/wongr010/Internest-backend/issues' },
20 silly publish   homepage: 'https://github.com/wongr010/Internest-backend#readme',
20 silly publish   gitHead: '4436c098ad3a265d128b46b3964de1ed1d8aefd0',
20 silly publish   readme: 'ERROR: No README data found!',
20 silly publish   _id: 'hello@1.0.0',
20 silly publish   _shasum: '59dee537363c9e37db2e4523f6ce80e73e2b835d',
20 silly publish   _from: '.' }
21 verbose getPublishConfig undefined
22 silly mapToRegistry name hello
23 silly mapToRegistry using default registry
24 silly mapToRegistry registry https://registry.npmjs.org/
25 silly mapToRegistry data Result {
25 silly mapToRegistry   raw: 'hello',
25 silly mapToRegistry   scope: null,
25 silly mapToRegistry   name: 'hello',
25 silly mapToRegistry   rawSpec: '',
25 silly mapToRegistry   spec: 'latest',
25 silly mapToRegistry   type: 'tag' }
26 silly mapToRegistry uri https://registry.npmjs.org/hello
27 verbose publish registryBase https://registry.npmjs.org/
28 silly publish uploading C:\Users\Rosalyn\AppData\Roaming\npm-cache\hello\1.0.0\package.tgz
29 verbose request uri https://registry.npmjs.org/hello
30 verbose request sending authorization for write operation
31 info attempt registry request try #1 at 11:07:20 AM
32 verbose request using bearer token for auth
33 verbose request id db4b487e5facd180
34 http request PUT https://registry.npmjs.org/hello
35 http 403 https://registry.npmjs.org/hello
36 verbose headers { 'content-type': 'application/json',
36 verbose headers   'cache-control': 'max-age=300',
36 verbose headers   'content-length': '99',
36 verbose headers   'accept-ranges': 'bytes',
36 verbose headers   date: 'Tue, 13 Jun 2017 15:07:20 GMT',
36 verbose headers   via: '1.1 varnish',
36 verbose headers   connection: 'keep-alive',
36 verbose headers   'x-served-by': 'cache-yyz8328-YYZ',
36 verbose headers   'x-cache': 'MISS',
36 verbose headers   'x-cache-hits': '0',
36 verbose headers   'x-timer': 'S1497366440.409547,VS0,VE286',
36 verbose headers   vary: 'Accept-Encoding' }
37 verbose request invalidating C:\Users\Rosalyn\AppData\Roaming\npm-cache\registry.npmjs.org\hello on PUT
38 error publish Failed PUT 403
39 verbose stack Error: you do not have permission to publish "hello". Are you logged in as the correct user? : hello
39 verbose stack     at makeError (C:\Program Files\nodejs\node_modules\npm\node_modules\npm-registry-client\lib\request.js:264:12)
39 verbose stack     at CachingRegistryClient.<anonymous> (C:\Program Files\nodejs\node_modules\npm\node_modules\npm-registry-client\lib\request.js:252:14)
39 verbose stack     at Request._callback (C:\Program Files\nodejs\node_modules\npm\node_modules\npm-registry-client\lib\request.js:172:14)
39 verbose stack     at Request.self.callback (C:\Program Files\nodejs\node_modules\npm\node_modules\request\request.js:200:22)
39 verbose stack     at emitTwo (events.js:87:13)
39 verbose stack     at Request.emit (events.js:172:7)
39 verbose stack     at Request.<anonymous> (C:\Program Files\nodejs\node_modules\npm\node_modules\request\request.js:1067:10)
39 verbose stack     at emitOne (events.js:82:20)
39 verbose stack     at Request.emit (events.js:169:7)
39 verbose stack     at IncomingMessage.<anonymous> (C:\Program Files\nodejs\node_modules\npm\node_modules\request\request.js:988:12)
40 verbose statusCode 403
41 verbose pkgid hello
42 verbose cwd C:\Rosalyn\ProSeed\node.js\Internest-backend
43 error Windows_NT 10.0.14393
44 error argv "C:\\Program Files\\nodejs\\node.exe" "C:\\Program Files\\nodejs\\node_modules\\npm\\bin\\npm-cli.js" "publish"
45 error node v4.4.5
46 error npm  v2.15.5
47 error code E403
48 error you do not have permission to publish "hello". Are you logged in as the correct user? : hello
49 error If you need help, you may report this error at:
49 error     <https://github.com/npm/npm/issues>
50 verbose exit [ 1, true ]
